<?xml version="1.0" encoding="UTF-8"?>
<testsuite name="org.formula.jackson.dataformat.ResolvedValueDeserializerTest" tests="6" skipped="0" failures="0" errors="0" timestamp="2024-08-13T20:11:00" hostname="TOR1-knichol" time="0.003">
  <properties/>
  <testcase name="booleanTrue()" classname="org.formula.jackson.dataformat.ResolvedValueDeserializerTest" time="0.0"/>
  <testcase name="booleanFalse()" classname="org.formula.jackson.dataformat.ResolvedValueDeserializerTest" time="0.0"/>
  <testcase name="text()" classname="org.formula.jackson.dataformat.ResolvedValueDeserializerTest" time="0.001"/>
  <testcase name="nullValue()" classname="org.formula.jackson.dataformat.ResolvedValueDeserializerTest" time="0.0"/>
  <testcase name="decimal()" classname="org.formula.jackson.dataformat.ResolvedValueDeserializerTest" time="0.001"/>
  <testcase name="integer()" classname="org.formula.jackson.dataformat.ResolvedValueDeserializerTest" time="0.0"/>
  <system-out><![CDATA[]]></system-out>
  <system-err><![CDATA[]]></system-err>
</testsuite>
