<?xml version="1.0" encoding="UTF-8"?>
<testsuite name="org.formula.jackson.dataformat.ResolvableDeserializerTest" tests="5" skipped="0" failures="0" errors="0" timestamp="2024-08-12T23:06:35" hostname="TOR1-knichol" time="0.035">
  <properties/>
  <testcase name="expression()" classname="org.formula.jackson.dataformat.ResolvableDeserializerTest" time="0.03"/>
  <testcase name="text()" classname="org.formula.jackson.dataformat.ResolvableDeserializerTest" time="0.003"/>
  <testcase name="nullValue()" classname="org.formula.jackson.dataformat.ResolvableDeserializerTest" time="0.0"/>
  <testcase name="decimal()" classname="org.formula.jackson.dataformat.ResolvableDeserializerTest" time="0.001"/>
  <testcase name="integer()" classname="org.formula.jackson.dataformat.ResolvableDeserializerTest" time="0.0"/>
  <system-out><![CDATA[]]></system-out>
  <system-err><![CDATA[]]></system-err>
</testsuite>
