<?xml version="1.0" encoding="UTF-8"?>
<testsuite name="org.formula.jackson.dataformat.DataContextDeserializerTest" tests="7" skipped="0" failures="0" errors="0" timestamp="2024-08-13T20:11:00" hostname="TOR1-knichol" time="0.043">
  <properties/>
  <testcase name="expression value" classname="org.formula.jackson.dataformat.DataContextDeserializerTest" time="0.034"/>
  <testcase name="single integer value" classname="org.formula.jackson.dataformat.DataContextDeserializerTest" time="0.001"/>
  <testcase name="single decimal value" classname="org.formula.jackson.dataformat.DataContextDeserializerTest" time="0.001"/>
  <testcase name="single text value" classname="org.formula.jackson.dataformat.DataContextDeserializerTest" time="0.0"/>
  <testcase name="single boolean value: true" classname="org.formula.jackson.dataformat.DataContextDeserializerTest" time="0.0"/>
  <testcase name="empty" classname="org.formula.jackson.dataformat.DataContextDeserializerTest" time="0.003"/>
  <testcase name="single boolean value: false" classname="org.formula.jackson.dataformat.DataContextDeserializerTest" time="0.0"/>
  <system-out><![CDATA[]]></system-out>
  <system-err><![CDATA[]]></system-err>
</testsuite>
